<?xml version="1.0" encoding="UTF-8"?>
<!-- Generated by org.testng.reporters.JUnitReportReporter -->
<testsuite hostname="onyxnode14.boisestate.edu" name="PriorityQueueTest_11_fiveElements_increaseKey_mid" tests="10" failures="0" timestamp="29 Sep 2017 22:37:43 GMT" time="0.000" errors="0">
  <testcase name="testExtractHeapMax" time="0.000" classname="PriorityQueueTest_11_fiveElements_increaseKey_mid"/>
  <testcase name="testIsEmpty" time="0.000" classname="PriorityQueueTest_11_fiveElements_increaseKey_mid"/>
  <testcase name="testSize" time="0.000" classname="PriorityQueueTest_11_fiveElements_increaseKey_mid"/>
  <testcase name="testIncreaseKey" time="0.000" classname="PriorityQueueTest_11_fiveElements_increaseKey_mid"/>
  <testcase name="testMaximum" time="0.000" classname="PriorityQueueTest_11_fiveElements_increaseKey_mid"/>
  <testcase name="testInsert" time="0.000" classname="PriorityQueueTest_11_fiveElements_increaseKey_mid"/>
  <testcase name="testIncreaseKey" time="0.000" classname="PriorityQueueTest_11_fiveElements_increaseKey_mid"/>
  <testcase name="testIncreaseKey" time="0.000" classname="PriorityQueueTest_11_fiveElements_increaseKey_mid"/>
  <testcase name="testIncreaseKey" time="0.000" classname="PriorityQueueTest_11_fiveElements_increaseKey_mid"/>
  <testcase name="testIncreaseKey" time="0.000" classname="PriorityQueueTest_11_fiveElements_increaseKey_mid"/>
</testsuite>
