<?xml version="1.0" encoding="UTF-8"?>
<!-- Generated by org.testng.reporters.JUnitReportReporter -->
<testsuite hostname="onyxnode14.boisestate.edu" name="MaxHeapTest_7_fiveElements_increaseKey_max" tests="10" failures="0" timestamp="29 Sep 2017 22:37:43 GMT" time="0.000" errors="0">
  <testcase name="testExtractHeapMax" time="0.000" classname="MaxHeapTest_7_fiveElements_increaseKey_max"/>
  <testcase name="testIncreaseHeapKey" time="0.000" classname="MaxHeapTest_7_fiveElements_increaseKey_max"/>
  <testcase name="testHeapMax" time="0.000" classname="MaxHeapTest_7_fiveElements_increaseKey_max"/>
  <testcase name="testIsEmpty" time="0.000" classname="MaxHeapTest_7_fiveElements_increaseKey_max"/>
  <testcase name="testIncreaseHeapKey" time="0.000" classname="MaxHeapTest_7_fiveElements_increaseKey_max"/>
  <testcase name="testIncreaseHeapKey" time="0.000" classname="MaxHeapTest_7_fiveElements_increaseKey_max"/>
  <testcase name="testMaxHeapInsert" time="0.000" classname="MaxHeapTest_7_fiveElements_increaseKey_max"/>
  <testcase name="testIncreaseHeapKey" time="0.000" classname="MaxHeapTest_7_fiveElements_increaseKey_max"/>
  <testcase name="testGetHeapSize" time="0.000" classname="MaxHeapTest_7_fiveElements_increaseKey_max"/>
  <testcase name="testIncreaseHeapKey" time="0.000" classname="MaxHeapTest_7_fiveElements_increaseKey_max"/>
</testsuite>
