<?xml version="1.0" encoding="UTF-8"?>
<!-- Generated by org.testng.reporters.JUnitReportReporter -->
<testsuite hostname="onyxnode14.boisestate.edu" name="MaxHeapTest_6_tenElements_insert" tests="16" failures="0" timestamp="29 Sep 2017 22:37:43 GMT" time="0.002" errors="0">
  <testcase name="testIncreaseHeapKey" time="0.000" classname="MaxHeapTest_6_tenElements_insert"/>
  <testcase name="testIncreaseHeapKey" time="0.000" classname="MaxHeapTest_6_tenElements_insert"/>
  <testcase name="testIncreaseHeapKey" time="0.000" classname="MaxHeapTest_6_tenElements_insert"/>
  <testcase name="testGetHeapSize" time="0.000" classname="MaxHeapTest_6_tenElements_insert"/>
  <testcase name="testHeapMax" time="0.000" classname="MaxHeapTest_6_tenElements_insert"/>
  <testcase name="testMaxHeapInsert" time="0.000" classname="MaxHeapTest_6_tenElements_insert"/>
  <testcase name="testIncreaseHeapKey" time="0.000" classname="MaxHeapTest_6_tenElements_insert"/>
  <testcase name="testExtractHeapMax" time="0.000" classname="MaxHeapTest_6_tenElements_insert"/>
  <testcase name="testIncreaseHeapKey" time="0.000" classname="MaxHeapTest_6_tenElements_insert"/>
  <testcase name="testIncreaseHeapKey" time="0.001" classname="MaxHeapTest_6_tenElements_insert"/>
  <testcase name="testIsEmpty" time="0.001" classname="MaxHeapTest_6_tenElements_insert"/>
  <testcase name="testIncreaseHeapKey" time="0.000" classname="MaxHeapTest_6_tenElements_insert"/>
  <testcase name="testIncreaseHeapKey" time="0.000" classname="MaxHeapTest_6_tenElements_insert"/>
  <testcase name="testIncreaseHeapKey" time="0.000" classname="MaxHeapTest_6_tenElements_insert"/>
  <testcase name="testIncreaseHeapKey" time="0.000" classname="MaxHeapTest_6_tenElements_insert"/>
  <testcase name="testIncreaseHeapKey" time="0.000" classname="MaxHeapTest_6_tenElements_insert"/>
</testsuite>
