<?xml version="1.0" encoding="UTF-8"?>
<!-- Generated by org.testng.reporters.JUnitReportReporter -->
<testsuite hostname="onyxnode14.boisestate.edu" name="PriorityQueueTest_2_fiveElements_extract" tests="9" failures="0" timestamp="29 Sep 2017 22:37:43 GMT" time="0.002" errors="0">
  <testcase name="testIncreaseKey" time="0.000" classname="PriorityQueueTest_2_fiveElements_extract"/>
  <testcase name="testIncreaseKey" time="0.000" classname="PriorityQueueTest_2_fiveElements_extract"/>
  <testcase name="testIsEmpty" time="0.000" classname="PriorityQueueTest_2_fiveElements_extract"/>
  <testcase name="testMaximum" time="0.002" classname="PriorityQueueTest_2_fiveElements_extract"/>
  <testcase name="testExtractMax" time="0.000" classname="PriorityQueueTest_2_fiveElements_extract"/>
  <testcase name="testSize" time="0.000" classname="PriorityQueueTest_2_fiveElements_extract"/>
  <testcase name="testIncreaseKey" time="0.000" classname="PriorityQueueTest_2_fiveElements_extract"/>
  <testcase name="testInsert" time="0.000" classname="PriorityQueueTest_2_fiveElements_extract"/>
  <testcase name="testIncreaseKey" time="0.000" classname="PriorityQueueTest_2_fiveElements_extract"/>
</testsuite>
