<?xml version="1.0" encoding="UTF-8"?>
<!-- Generated by org.testng.reporters.JUnitReportReporter -->
<testsuite hostname="onyxnode14.boisestate.edu" name="PriorityQueueTest_4_empty_insert" tests="6" failures="0" timestamp="29 Sep 2017 22:37:43 GMT" time="0.000" errors="0">
  <testcase name="testInsert" time="0.000" classname="PriorityQueueTest_4_empty_insert"/>
  <testcase name="testMaximum" time="0.000" classname="PriorityQueueTest_4_empty_insert"/>
  <testcase name="testExtractMax" time="0.000" classname="PriorityQueueTest_4_empty_insert"/>
  <testcase name="testIncreaseKey" time="0.000" classname="PriorityQueueTest_4_empty_insert"/>
  <testcase name="testIsEmpty" time="0.000" classname="PriorityQueueTest_4_empty_insert"/>
  <testcase name="testSize" time="0.000" classname="PriorityQueueTest_4_empty_insert"/>
</testsuite>
