<?xml version="1.0" encoding="UTF-8"?>
<!-- Generated by org.testng.reporters.JUnitReportReporter -->
<testsuite skipped="0" hostname="onyx.boisestate.edu" name="PriorityQueueTest_5_fiveElements_insert" tests="11" failures="0" timestamp="30 Sep 2017 23:41:56 GMT" time="0.003" errors="0">
  <testcase name="testSize" time="0.000" classname="PriorityQueueTest_5_fiveElements_insert"/>
  <testcase name="testInsert" time="0.000" classname="PriorityQueueTest_5_fiveElements_insert"/>
  <testcase name="testIsEmpty" time="0.001" classname="PriorityQueueTest_5_fiveElements_insert"/>
  <testcase name="testIncreaseKey" time="0.001" classname="PriorityQueueTest_5_fiveElements_insert"/>
  <testcase name="testIncreaseKey" time="0.000" classname="PriorityQueueTest_5_fiveElements_insert"/>
  <testcase name="testIncreaseKey" time="0.000" classname="PriorityQueueTest_5_fiveElements_insert"/>
  <testcase name="testIncreaseKey" time="0.000" classname="PriorityQueueTest_5_fiveElements_insert"/>
  <testcase name="testIncreaseKey" time="0.000" classname="PriorityQueueTest_5_fiveElements_insert"/>
  <testcase name="testExtractMax" time="0.000" classname="PriorityQueueTest_5_fiveElements_insert"/>
  <testcase name="testMaximum" time="0.000" classname="PriorityQueueTest_5_fiveElements_insert"/>
  <testcase name="testIncreaseKey" time="0.001" classname="PriorityQueueTest_5_fiveElements_insert"/>
</testsuite> <!-- PriorityQueueTest_5_fiveElements_insert -->
