<?xml version="1.0" encoding="UTF-8"?>
<!-- Generated by org.testng.reporters.JUnitReportReporter -->
<testsuite skipped="0" hostname="onyx.boisestate.edu" name="MaxHeapTest_1_oneElement_extract" tests="3" failures="0" timestamp="30 Sep 2017 23:41:56 GMT" time="0.009" errors="0">
  <testcase name="testIsEmpty" time="0.003" classname="MaxHeapTest_1_oneElement_extract"/>
  <testcase name="testGetHeapSize" time="0.004" classname="MaxHeapTest_1_oneElement_extract"/>
  <testcase name="testMaxHeapInsert" time="0.002" classname="MaxHeapTest_1_oneElement_extract"/>
</testsuite> <!-- MaxHeapTest_1_oneElement_extract -->
