<?xml version="1.0" encoding="UTF-8"?>
<!-- Generated by org.testng.reporters.JUnitReportReporter -->
<testsuite skipped="0" hostname="onyx.boisestate.edu" name="MaxHeapTest_9_fiveElements_increaseKey_min" tests="10" failures="0" timestamp="30 Sep 2017 23:41:56 GMT" time="0.003" errors="0">
  <testcase name="testIncreaseHeapKey" time="0.000" classname="MaxHeapTest_9_fiveElements_increaseKey_min"/>
  <testcase name="testIsEmpty" time="0.000" classname="MaxHeapTest_9_fiveElements_increaseKey_min"/>
  <testcase name="testIncreaseHeapKey" time="0.001" classname="MaxHeapTest_9_fiveElements_increaseKey_min"/>
  <testcase name="testIncreaseHeapKey" time="0.000" classname="MaxHeapTest_9_fiveElements_increaseKey_min"/>
  <testcase name="testHeapMax" time="0.000" classname="MaxHeapTest_9_fiveElements_increaseKey_min"/>
  <testcase name="testMaxHeapInsert" time="0.001" classname="MaxHeapTest_9_fiveElements_increaseKey_min"/>
  <testcase name="testGetHeapSize" time="0.000" classname="MaxHeapTest_9_fiveElements_increaseKey_min"/>
  <testcase name="testIncreaseHeapKey" time="0.000" classname="MaxHeapTest_9_fiveElements_increaseKey_min"/>
  <testcase name="testIncreaseHeapKey" time="0.000" classname="MaxHeapTest_9_fiveElements_increaseKey_min"/>
  <testcase name="testExtractHeapMax" time="0.001" classname="MaxHeapTest_9_fiveElements_increaseKey_min"/>
</testsuite> <!-- MaxHeapTest_9_fiveElements_increaseKey_min -->
