<?xml version="1.0" encoding="UTF-8"?>
<!-- Generated by org.testng.reporters.JUnitReportReporter -->
<testsuite skipped="0" hostname="onyx.boisestate.edu" name="PriorityQueueTest_11_fiveElements_increaseKey_mid" tests="10" failures="0" timestamp="30 Sep 2017 23:41:56 GMT" time="0.001" errors="0">
  <testcase name="testSize" time="0.000" classname="PriorityQueueTest_11_fiveElements_increaseKey_mid"/>
  <testcase name="testMaximum" time="0.000" classname="PriorityQueueTest_11_fiveElements_increaseKey_mid"/>
  <testcase name="testIncreaseKey" time="0.000" classname="PriorityQueueTest_11_fiveElements_increaseKey_mid"/>
  <testcase name="testIncreaseKey" time="0.000" classname="PriorityQueueTest_11_fiveElements_increaseKey_mid"/>
  <testcase name="testIncreaseKey" time="0.001" classname="PriorityQueueTest_11_fiveElements_increaseKey_mid"/>
  <testcase name="testIncreaseKey" time="0.000" classname="PriorityQueueTest_11_fiveElements_increaseKey_mid"/>
  <testcase name="testIsEmpty" time="0.000" classname="PriorityQueueTest_11_fiveElements_increaseKey_mid"/>
  <testcase name="testExtractHeapMax" time="0.000" classname="PriorityQueueTest_11_fiveElements_increaseKey_mid"/>
  <testcase name="testInsert" time="0.000" classname="PriorityQueueTest_11_fiveElements_increaseKey_mid"/>
  <testcase name="testIncreaseKey" time="0.000" classname="PriorityQueueTest_11_fiveElements_increaseKey_mid"/>
</testsuite> <!-- PriorityQueueTest_11_fiveElements_increaseKey_mid -->
