<?xml version="1.0" encoding="UTF-8"?>
<!-- Generated by org.testng.reporters.JUnitReportReporter -->
<testsuite skipped="0" hostname="onyx.boisestate.edu" name="MaxHeapTest_2_fiveElements_extract" tests="9" failures="0" timestamp="30 Sep 2017 23:41:56 GMT" time="0.006" errors="0">
  <testcase name="testIncreaseHeapKey" time="0.000" classname="MaxHeapTest_2_fiveElements_extract"/>
  <testcase name="testIncreaseHeapKey" time="0.001" classname="MaxHeapTest_2_fiveElements_extract"/>
  <testcase name="testIsEmpty" time="0.000" classname="MaxHeapTest_2_fiveElements_extract"/>
  <testcase name="testHeapMax" time="0.001" classname="MaxHeapTest_2_fiveElements_extract"/>
  <testcase name="testMaxHeapInsert" time="0.000" classname="MaxHeapTest_2_fiveElements_extract"/>
  <testcase name="testGetHeapSize" time="0.001" classname="MaxHeapTest_2_fiveElements_extract"/>
  <testcase name="testIncreaseHeapKey" time="0.001" classname="MaxHeapTest_2_fiveElements_extract"/>
  <testcase name="testExtractHeapMax" time="0.001" classname="MaxHeapTest_2_fiveElements_extract"/>
  <testcase name="testIncreaseHeapKey" time="0.001" classname="MaxHeapTest_2_fiveElements_extract"/>
</testsuite> <!-- MaxHeapTest_2_fiveElements_extract -->
