<?xml version="1.0" encoding="UTF-8"?>
<!-- Generated by org.testng.reporters.JUnitReportReporter -->
<testsuite skipped="0" hostname="onyx.boisestate.edu" name="MaxHeapTest_5_fiveElements_insert" tests="11" failures="0" timestamp="30 Sep 2017 23:41:56 GMT" time="0.004" errors="0">
  <testcase name="testExtractHeapMax" time="0.000" classname="MaxHeapTest_5_fiveElements_insert"/>
  <testcase name="testIncreaseHeapKey" time="0.000" classname="MaxHeapTest_5_fiveElements_insert"/>
  <testcase name="testIncreaseHeapKey" time="0.000" classname="MaxHeapTest_5_fiveElements_insert"/>
  <testcase name="testMaxHeapInsert" time="0.000" classname="MaxHeapTest_5_fiveElements_insert"/>
  <testcase name="testIncreaseHeapKey" time="0.000" classname="MaxHeapTest_5_fiveElements_insert"/>
  <testcase name="testIncreaseHeapKey" time="0.001" classname="MaxHeapTest_5_fiveElements_insert"/>
  <testcase name="testIncreaseHeapKey" time="0.002" classname="MaxHeapTest_5_fiveElements_insert"/>
  <testcase name="testHeapMax" time="0.000" classname="MaxHeapTest_5_fiveElements_insert"/>
  <testcase name="testGetHeapSize" time="0.000" classname="MaxHeapTest_5_fiveElements_insert"/>
  <testcase name="testIncreaseHeapKey" time="0.001" classname="MaxHeapTest_5_fiveElements_insert"/>
  <testcase name="testIsEmpty" time="0.000" classname="MaxHeapTest_5_fiveElements_insert"/>
</testsuite> <!-- MaxHeapTest_5_fiveElements_insert -->
