<?xml version="1.0" encoding="UTF-8"?>
<!-- Generated by org.testng.reporters.JUnitReportReporter -->
<testsuite skipped="0" hostname="onyx.boisestate.edu" name="MaxHeapTest_11_fiveElements_increaseKey_mid" tests="10" failures="0" timestamp="30 Sep 2017 23:41:56 GMT" time="0.002" errors="0">
  <testcase name="testHeapMax" time="0.000" classname="MaxHeapTest_11_fiveElements_increaseKey_mid"/>
  <testcase name="testIsEmpty" time="0.000" classname="MaxHeapTest_11_fiveElements_increaseKey_mid"/>
  <testcase name="testExtractHeapMax" time="0.000" classname="MaxHeapTest_11_fiveElements_increaseKey_mid"/>
  <testcase name="testMaxHeapInsert" time="0.000" classname="MaxHeapTest_11_fiveElements_increaseKey_mid"/>
  <testcase name="testIncreaseHeapKey" time="0.000" classname="MaxHeapTest_11_fiveElements_increaseKey_mid"/>
  <testcase name="testGetHeapSize" time="0.000" classname="MaxHeapTest_11_fiveElements_increaseKey_mid"/>
  <testcase name="testIncreaseHeapKey" time="0.000" classname="MaxHeapTest_11_fiveElements_increaseKey_mid"/>
  <testcase name="testIncreaseHeapKey" time="0.001" classname="MaxHeapTest_11_fiveElements_increaseKey_mid"/>
  <testcase name="testIncreaseHeapKey" time="0.001" classname="MaxHeapTest_11_fiveElements_increaseKey_mid"/>
  <testcase name="testIncreaseHeapKey" time="0.000" classname="MaxHeapTest_11_fiveElements_increaseKey_mid"/>
</testsuite> <!-- MaxHeapTest_11_fiveElements_increaseKey_mid -->
