<?xml version="1.0" encoding="UTF-8"?>
<!-- Generated by org.testng.reporters.JUnitReportReporter -->
<testsuite hostname="onyxnode14.boisestate.edu" name="MaxHeapTest_1_oneElement_extract" tests="3" failures="0" timestamp="29 Sep 2017 22:37:43 GMT" time="0.007" errors="0">
  <testcase name="testGetHeapSize" time="0.002" classname="MaxHeapTest_1_oneElement_extract"/>
  <testcase name="testIsEmpty" time="0.005" classname="MaxHeapTest_1_oneElement_extract"/>
  <testcase name="testMaxHeapInsert" time="0.000" classname="MaxHeapTest_1_oneElement_extract"/>
</testsuite>
