<?xml version="1.0" encoding="UTF-8"?>
<!-- Generated by org.testng.reporters.JUnitReportReporter -->
<testsuite hostname="onyxnode14.boisestate.edu" name="MaxHeapTest_10_tenElements_increaseKey_min" tests="15" failures="0" timestamp="29 Sep 2017 22:37:43 GMT" time="0.002" errors="0">
  <testcase name="testIncreaseHeapKey" time="0.000" classname="MaxHeapTest_10_tenElements_increaseKey_min"/>
  <testcase name="testIncreaseHeapKey" time="0.000" classname="MaxHeapTest_10_tenElements_increaseKey_min"/>
  <testcase name="testIncreaseHeapKey" time="0.000" classname="MaxHeapTest_10_tenElements_increaseKey_min"/>
  <testcase name="testHeapMax" time="0.000" classname="MaxHeapTest_10_tenElements_increaseKey_min"/>
  <testcase name="testGetHeapSize" time="0.000" classname="MaxHeapTest_10_tenElements_increaseKey_min"/>
  <testcase name="testIncreaseHeapKey" time="0.000" classname="MaxHeapTest_10_tenElements_increaseKey_min"/>
  <testcase name="testIncreaseHeapKey" time="0.000" classname="MaxHeapTest_10_tenElements_increaseKey_min"/>
  <testcase name="testIncreaseHeapKey" time="0.000" classname="MaxHeapTest_10_tenElements_increaseKey_min"/>
  <testcase name="testIncreaseHeapKey" time="0.000" classname="MaxHeapTest_10_tenElements_increaseKey_min"/>
  <testcase name="testMaxHeapInsert" time="0.000" classname="MaxHeapTest_10_tenElements_increaseKey_min"/>
  <testcase name="testIncreaseHeapKey" time="0.000" classname="MaxHeapTest_10_tenElements_increaseKey_min"/>
  <testcase name="testIncreaseHeapKey" time="0.000" classname="MaxHeapTest_10_tenElements_increaseKey_min"/>
  <testcase name="testIsEmpty" time="0.000" classname="MaxHeapTest_10_tenElements_increaseKey_min"/>
  <testcase name="testIncreaseHeapKey" time="0.000" classname="MaxHeapTest_10_tenElements_increaseKey_min"/>
  <testcase name="testExtractHeapMax" time="0.002" classname="MaxHeapTest_10_tenElements_increaseKey_min"/>
</testsuite>
